# JRE version: OpenJDK Runtime Environment (8.0_112-b06) (build 1.8.0_112-release-b06)
# Java VM: OpenJDK 64-Bit Server VM (25.112-b06 mixed mode linux-amd64 compressed oops)
Heap:
 PSYoungGen      total 178176K, used 131760K [0x00000000e0000000, 0x00000000edc00000, 0x0000000100000000)
  eden space 157696K, 73% used [0x00000000e0000000,0x00000000e70c9980,0x00000000e9a00000)
  from space 20480K, 79% used [0x00000000eaf80000,0x00000000ebf626e8,0x00000000ec380000)
  to   space 22016K, 0% used [0x00000000e9a00000,0x00000000e9a00000,0x00000000eaf80000)
 ParOldGen       total 123904K, used 40336K [0x00000000a0000000, 0x00000000a7900000, 0x00000000e0000000)
  object space 123904K, 32% used [0x00000000a0000000,0x00000000a27640a8,0x00000000a7900000)
 Metaspace       used 64019K, capacity 66242K, committed 66456K, reserved 1107968K
  class space    used 8164K, capacity 8530K, committed 8624K, reserved 1048576K
GC Heap History (10 events):
Event: 684,103 GC heap before
{Heap before GC invocations=21 (full 3):
 PSYoungGen      total 183808K, used 168547K [0x00000000e0000000, 0x00000000ee080000, 0x0000000100000000)
  eden space 159744K, 100% used [0x00000000e0000000,0x00000000e9c00000,0x00000000e9c00000)
  from space 24064K, 36% used [0x00000000e9c00000,0x00000000ea498f68,0x00000000eb380000)
  to   space 23040K, 0% used [0x00000000eca00000,0x00000000eca00000,0x00000000ee080000)
 ParOldGen       total 123904K, used 40296K [0x00000000a0000000, 0x00000000a7900000, 0x00000000e0000000)
  object space 123904K, 32% used [0x00000000a0000000,0x00000000a275a0a8,0x00000000a7900000)
 Metaspace       used 62206K, capacity 64014K, committed 64280K, reserved 1105920K
  class space    used 8082K, capacity 8404K, committed 8496K, reserved 1048576K
Event: 684,119 GC heap after
Heap after GC invocations=21 (full 3):
 PSYoungGen      total 161280K, used 6299K [0x00000000e0000000, 0x00000000ed080000, 0x0000000100000000)
  eden space 154624K, 0% used [0x00000000e0000000,0x00000000e0000000,0x00000000e9700000)
  from space 6656K, 94% used [0x00000000eca00000,0x00000000ed026d78,0x00000000ed080000)
  to   space 22016K, 0% used [0x00000000ea580000,0x00000000ea580000,0x00000000ebb00000)
 ParOldGen       total 123904K, used 40304K [0x00000000a0000000, 0x00000000a7900000, 0x00000000e0000000)
  object space 123904K, 32% used [0x00000000a0000000,0x00000000a275c0a8,0x00000000a7900000)
 Metaspace       used 62206K, capacity 64014K, committed 64280K, reserved 1105920K
  class space    used 8082K, capacity 8404K, committed 8496K, reserved 1048576K
}
Event: 685,369 GC heap before
{Heap before GC invocations=22 (full 3):
 PSYoungGen      total 161280K, used 160923K [0x00000000e0000000, 0x00000000ed080000, 0x0000000100000000)
  eden space 154624K, 100% used [0x00000000e0000000,0x00000000e9700000,0x00000000e9700000)
  from space 6656K, 94% used [0x00000000eca00000,0x00000000ed026d78,0x00000000ed080000)
  to   space 22016K, 0% used [0x00000000ea580000,0x00000000ea580000,0x00000000ebb00000)
 ParOldGen       total 123904K, used 40304K [0x00000000a0000000, 0x00000000a7900000, 0x00000000e0000000)
  object space 123904K, 32% used [0x00000000a0000000,0x00000000a275c0a8,0x00000000a7900000)
 Metaspace       used 62747K, capacity 64568K, committed 64792K, reserved 1105920K
  class space    used 8091K, capacity 8421K, committed 8496K, reserved 1048576K
Event: 685,390 GC heap after
Heap after GC invocations=22 (full 3):
 PSYoungGen      total 191488K, used 7148K [0x00000000e0000000, 0x00000000ed800000, 0x0000000100000000)
  eden space 169472K, 0% used [0x00000000e0000000,0x00000000e0000000,0x00000000ea580000)
  from space 22016K, 32% used [0x00000000ea580000,0x00000000eac7b040,0x00000000ebb00000)
  to   space 21504K, 0% used [0x00000000ec300000,0x00000000ec300000,0x00000000ed800000)
 ParOldGen       total 123904K, used 40312K [0x00000000a0000000, 0x00000000a7900000, 0x00000000e0000000)
  object space 123904K, 32% used [0x00000000a0000000,0x00000000a275e0a8,0x00000000a7900000)
 Metaspace       used 62747K, capacity 64568K, committed 64792K, reserved 1105920K
  class space    used 8091K, capacity 8421K, committed 8496K, reserved 1048576K
}
Event: 854,589 GC heap before
{Heap before GC invocations=23 (full 3):
 PSYoungGen      total 191488K, used 176620K [0x00000000e0000000, 0x00000000ed800000, 0x0000000100000000)
  eden space 169472K, 100% used [0x00000000e0000000,0x00000000ea580000,0x00000000ea580000)
  from space 22016K, 32% used [0x00000000ea580000,0x00000000eac7b040,0x00000000ebb00000)
  to   space 21504K, 0% used [0x00000000ec300000,0x00000000ec300000,0x00000000ed800000)
 ParOldGen       total 123904K, used 40312K [0x00000000a0000000, 0x00000000a7900000, 0x00000000e0000000)
  object space 123904K, 32% used [0x00000000a0000000,0x00000000a275e0a8,0x00000000a7900000)
 Metaspace       used 63189K, capacity 65064K, committed 65304K, reserved 1105920K
  class space    used 8102K, capacity 8433K, committed 8496K, reserved 1048576K
Event: 854,621 GC heap after
Heap after GC invocations=23 (full 3):
 PSYoungGen      total 176128K, used 12071K [0x00000000e0000000, 0x00000000ecf00000, 0x0000000100000000)
  eden space 163840K, 0% used [0x00000000e0000000,0x00000000e0000000,0x00000000ea000000)
  from space 12288K, 98% used [0x00000000ec300000,0x00000000ecec9f70,0x00000000ecf00000)
  to   space 21504K, 0% used [0x00000000ea500000,0x00000000ea500000,0x00000000eba00000)
 ParOldGen       total 123904K, used 40320K [0x00000000a0000000, 0x00000000a7900000, 0x00000000e0000000)
  object space 123904K, 32% used [0x00000000a0000000,0x00000000a27600a8,0x00000000a7900000)
 Metaspace       used 63189K, capacity 65064K, committed 65304K, reserved 1105920K
  class space    used 8102K, capacity 8433K, committed 8496K, reserved 1048576K
}
Event: 894,661 GC heap before
{Heap before GC invocations=24 (full 3):
 PSYoungGen      total 176128K, used 175911K [0x00000000e0000000, 0x00000000ecf00000, 0x0000000100000000)
  eden space 163840K, 100% used [0x00000000e0000000,0x00000000ea000000,0x00000000ea000000)
  from space 12288K, 98% used [0x00000000ec300000,0x00000000ecec9f70,0x00000000ecf00000)
  to   space 21504K, 0% used [0x00000000ea500000,0x00000000ea500000,0x00000000eba00000)
 ParOldGen       total 123904K, used 40320K [0x00000000a0000000, 0x00000000a7900000, 0x00000000e0000000)
  object space 123904K, 32% used [0x00000000a0000000,0x00000000a27600a8,0x00000000a7900000)
 Metaspace       used 63476K, capacity 65506K, committed 65560K, reserved 1105920K
  class space    used 8126K, capacity 8468K, committed 8496K, reserved 1048576K
Event: 894,669 GC heap after
Heap after GC invocations=24 (full 3):
 PSYoungGen      total 165888K, used 7554K [0x00000000e0000000, 0x00000000ec380000, 0x0000000100000000)
  eden space 158208K, 0% used [0x00000000e0000000,0x00000000e0000000,0x00000000e9a80000)
  from space 7680K, 98% used [0x00000000ea500000,0x00000000eac60b00,0x00000000eac80000)
  to   space 20480K, 0% used [0x00000000eaf80000,0x00000000eaf80000,0x00000000ec380000)
 ParOldGen       total 123904K, used 40328K [0x00000000a0000000, 0x00000000a7900000, 0x00000000e0000000)
  object space 123904K, 32% used [0x00000000a0000000,0x00000000a27620a8,0x00000000a7900000)
 Metaspace       used 63476K, capacity 65506K, committed 65560K, reserved 1105920K
  class space    used 8126K, capacity 8468K, committed 8496K, reserved 1048576K
}
Event: 895,555 GC heap before
{Heap before GC invocations=25 (full 3):
 PSYoungGen      total 165888K, used 165634K [0x00000000e0000000, 0x00000000ec380000, 0x0000000100000000)
  eden space 158208K, 99% used [0x00000000e0000000,0x00000000e9a5fe00,0x00000000e9a80000)
  from space 7680K, 98% used [0x00000000ea500000,0x00000000eac60b00,0x00000000eac80000)
  to   space 20480K, 0% used [0x00000000eaf80000,0x00000000eaf80000,0x00000000ec380000)
 ParOldGen       total 123904K, used 40328K [0x00000000a0000000, 0x00000000a7900000, 0x00000000e0000000)
  object space 123904K, 32% used [0x00000000a0000000,0x00000000a27620a8,0x00000000a7900000)
 Metaspace       used 63799K, capacity 66010K, committed 66200K, reserved 1107968K
  class space    used 8155K, capacity 8520K, committed 8624K, reserved 1048576K
Event: 895,573 GC heap after
Heap after GC invocations=25 (full 3):
 PSYoungGen      total 178176K, used 16265K [0x00000000e0000000, 0x00000000edc00000, 0x0000000100000000)
  eden space 157696K, 0% used [0x00000000e0000000,0x00000000e0000000,0x00000000e9a00000)
  from space 20480K, 79% used [0x00000000eaf80000,0x00000000ebf626e8,0x00000000ec380000)
  to   space 22016K, 0% used [0x00000000e9a00000,0x00000000e9a00000,0x00000000eaf80000)
 ParOldGen       total 123904K, used 40336K [0x00000000a0000000, 0x00000000a7900000, 0x00000000e0000000)
  object space 123904K, 32% used [0x00000000a0000000,0x00000000a27640a8,0x00000000a7900000)
 Metaspace       used 63799K, capacity 66010K, committed 66200K, reserved 1107968K
  class space    used 8155K, capacity 8520K, committed 8624K, reserved 1048576K
}

